1768235880.096650 client started (17634): version 3.6a, socket /tmp/tmux-1000/default, protocol 8
1768235880.096758 on Linux 6.1.75 #1-NixOS SMP Tue Jan  1 00:00:00 UTC 1980
1768235880.096803 using libevent 2.1.12-stable poll
1768235880.096825 using utf8proc 2.11.2
1768235880.096845 using ncurses 6.5 20240427
1768235880.096913 flags are 0x18010000
1768235880.096987 socket is /tmp/tmux-1000/default
1768235880.097040 trying connect
1768235880.097161 connect failed: No such file or directory
1768235880.097209 lock file is /tmp/tmux-1000/default.lock
1768235880.097313 flock succeeded
1768235880.097336 got lock (6)
1768235880.097370 trying connect
1768235880.097408 connect failed: No such file or directory
1768235880.098197 add peer 0xaaaaf7fe1910: 7 ((nil))
1768235880.099937 sending message 111 to peer 0xaaaaf7fe1910 (8 bytes)
1768235880.100000 sending message 111 to peer 0xaaaaf7fe1910 (8 bytes)
1768235880.100027 sending message 101 to peer 0xaaaaf7fe1910 (15 bytes)
1768235880.100050 sending message 109 to peer 0xaaaaf7fe1910 (4 bytes)
1768235880.100112 sending message 102 to peer 0xaaaaf7fe1910 (11 bytes)
1768235880.100137 sending message 108 to peer 0xaaaaf7fe1910 (22 bytes)
1768235880.100159 sending message 112 to peer 0xaaaaf7fe1910 (58 bytes)
1768235880.100181 sending message 112 to peer 0xaaaaf7fe1910 (5 bytes)
1768235880.100203 sending message 112 to peer 0xaaaaf7fe1910 (5 bytes)
1768235880.100225 sending message 112 to peer 0xaaaaf7fe1910 (6 bytes)
1768235880.100247 sending message 112 to peer 0xaaaaf7fe1910 (6 bytes)
1768235880.100269 sending message 112 to peer 0xaaaaf7fe1910 (11 bytes)
1768235880.100291 sending message 112 to peer 0xaaaaf7fe1910 (10 bytes)
1768235880.100313 sending message 112 to peer 0xaaaaf7fe1910 (13 bytes)
1768235880.100335 sending message 112 to peer 0xaaaaf7fe1910 (14 bytes)
1768235880.100357 sending message 112 to peer 0xaaaaf7fe1910 (19 bytes)
1768235880.100379 sending message 112 to peer 0xaaaaf7fe1910 (11 bytes)
1768235880.100401 sending message 112 to peer 0xaaaaf7fe1910 (10 bytes)
1768235880.100453 sending message 112 to peer 0xaaaaf7fe1910 (15 bytes)
1768235880.100476 sending message 112 to peer 0xaaaaf7fe1910 (21 bytes)
1768235880.100498 sending message 112 to peer 0xaaaaf7fe1910 (13 bytes)
1768235880.100520 sending message 112 to peer 0xaaaaf7fe1910 (7 bytes)
1768235880.100542 sending message 112 to peer 0xaaaaf7fe1910 (13 bytes)
1768235880.100564 sending message 112 to peer 0xaaaaf7fe1910 (7 bytes)
1768235880.100586 sending message 112 to peer 0xaaaaf7fe1910 (13 bytes)
1768235880.100608 sending message 112 to peer 0xaaaaf7fe1910 (9 bytes)
1768235880.100630 sending message 112 to peer 0xaaaaf7fe1910 (21 bytes)
1768235880.100653 sending message 112 to peer 0xaaaaf7fe1910 (13 bytes)
1768235880.100715 sending message 112 to peer 0xaaaaf7fe1910 (9 bytes)
1768235880.100740 sending message 112 to peer 0xaaaaf7fe1910 (16 bytes)
1768235880.100762 sending message 112 to peer 0xaaaaf7fe1910 (13 bytes)
1768235880.100785 sending message 112 to peer 0xaaaaf7fe1910 (9 bytes)
1768235880.100807 sending message 112 to peer 0xaaaaf7fe1910 (9 bytes)
1768235880.100829 sending message 112 to peer 0xaaaaf7fe1910 (12 bytes)
1768235880.100851 sending message 112 to peer 0xaaaaf7fe1910 (8 bytes)
1768235880.100874 sending message 112 to peer 0xaaaaf7fe1910 (8 bytes)
1768235880.100896 sending message 112 to peer 0xaaaaf7fe1910 (13 bytes)
1768235880.100948 sending message 112 to peer 0xaaaaf7fe1910 (7 bytes)
1768235880.100973 sending message 112 to peer 0xaaaaf7fe1910 (7 bytes)
1768235880.100996 sending message 112 to peer 0xaaaaf7fe1910 (9 bytes)
1768235880.101017 sending message 112 to peer 0xaaaaf7fe1910 (9 bytes)
1768235880.101040 sending message 112 to peer 0xaaaaf7fe1910 (15 bytes)
1768235880.101063 sending message 112 to peer 0xaaaaf7fe1910 (13 bytes)
1768235880.101085 sending message 112 to peer 0xaaaaf7fe1910 (12 bytes)
1768235880.101109 sending message 112 to peer 0xaaaaf7fe1910 (8 bytes)
1768235880.101132 sending message 112 to peer 0xaaaaf7fe1910 (14 bytes)
1768235880.101154 sending message 112 to peer 0xaaaaf7fe1910 (11 bytes)
1768235880.101227 sending message 112 to peer 0xaaaaf7fe1910 (9 bytes)
1768235880.101255 sending message 112 to peer 0xaaaaf7fe1910 (10 bytes)
1768235880.101278 sending message 112 to peer 0xaaaaf7fe1910 (10 bytes)
1768235880.101300 sending message 112 to peer 0xaaaaf7fe1910 (10 bytes)
1768235880.101323 sending message 112 to peer 0xaaaaf7fe1910 (10 bytes)
1768235880.101346 sending message 112 to peer 0xaaaaf7fe1910 (11 bytes)
1768235880.101401 sending message 112 to peer 0xaaaaf7fe1910 (12 bytes)
1768235880.101428 sending message 112 to peer 0xaaaaf7fe1910 (12 bytes)
1768235880.101452 sending message 112 to peer 0xaaaaf7fe1910 (12 bytes)
1768235880.101474 sending message 112 to peer 0xaaaaf7fe1910 (12 bytes)
1768235880.101497 sending message 112 to peer 0xaaaaf7fe1910 (12 bytes)
1768235880.101521 sending message 112 to peer 0xaaaaf7fe1910 (11 bytes)
1768235880.101544 sending message 112 to peer 0xaaaaf7fe1910 (11 bytes)
1768235880.101566 sending message 112 to peer 0xaaaaf7fe1910 (12 bytes)
1768235880.101589 sending message 112 to peer 0xaaaaf7fe1910 (12 bytes)
1768235880.101614 sending message 112 to peer 0xaaaaf7fe1910 (12 bytes)
1768235880.101637 sending message 112 to peer 0xaaaaf7fe1910 (12 bytes)
1768235880.101660 sending message 112 to peer 0xaaaaf7fe1910 (12 bytes)
1768235880.101683 sending message 112 to peer 0xaaaaf7fe1910 (9 bytes)
1768235880.101707 sending message 112 to peer 0xaaaaf7fe1910 (12 bytes)
1768235880.101729 sending message 112 to peer 0xaaaaf7fe1910 (13 bytes)
1768235880.101752 sending message 112 to peer 0xaaaaf7fe1910 (13 bytes)
1768235880.101776 sending message 112 to peer 0xaaaaf7fe1910 (13 bytes)
1768235880.101799 sending message 112 to peer 0xaaaaf7fe1910 (13 bytes)
1768235880.101824 sending message 112 to peer 0xaaaaf7fe1910 (13 bytes)
1768235880.101877 sending message 112 to peer 0xaaaaf7fe1910 (8 bytes)
1768235880.101902 sending message 112 to peer 0xaaaaf7fe1910 (11 bytes)
1768235880.101926 sending message 112 to peer 0xaaaaf7fe1910 (11 bytes)
1768235880.101949 sending message 112 to peer 0xaaaaf7fe1910 (11 bytes)
1768235880.101972 sending message 112 to peer 0xaaaaf7fe1910 (12 bytes)
1768235880.101996 sending message 112 to peer 0xaaaaf7fe1910 (12 bytes)
1768235880.102018 sending message 112 to peer 0xaaaaf7fe1910 (12 bytes)
1768235880.102041 sending message 112 to peer 0xaaaaf7fe1910 (12 bytes)
1768235880.102065 sending message 112 to peer 0xaaaaf7fe1910 (13 bytes)
1768235880.102088 sending message 112 to peer 0xaaaaf7fe1910 (13 bytes)
1768235880.102110 sending message 112 to peer 0xaaaaf7fe1910 (13 bytes)
1768235880.102134 sending message 112 to peer 0xaaaaf7fe1910 (8 bytes)
1768235880.102156 sending message 112 to peer 0xaaaaf7fe1910 (13 bytes)
1768235880.102180 sending message 112 to peer 0xaaaaf7fe1910 (13 bytes)
1768235880.102203 sending message 112 to peer 0xaaaaf7fe1910 (13 bytes)
1768235880.102227 sending message 112 to peer 0xaaaaf7fe1910 (13 bytes)
1768235880.102250 sending message 112 to peer 0xaaaaf7fe1910 (13 bytes)
1768235880.102274 sending message 112 to peer 0xaaaaf7fe1910 (12 bytes)
1768235880.102328 sending message 112 to peer 0xaaaaf7fe1910 (12 bytes)
1768235880.102352 sending message 112 to peer 0xaaaaf7fe1910 (12 bytes)
1768235880.102376 sending message 112 to peer 0xaaaaf7fe1910 (12 bytes)
1768235880.102399 sending message 112 to peer 0xaaaaf7fe1910 (13 bytes)
1768235880.102422 sending message 112 to peer 0xaaaaf7fe1910 (8 bytes)
1768235880.102446 sending message 112 to peer 0xaaaaf7fe1910 (13 bytes)
1768235880.102472 sending message 112 to peer 0xaaaaf7fe1910 (13 bytes)
1768235880.102496 sending message 112 to peer 0xaaaaf7fe1910 (13 bytes)
1768235880.102520 sending message 112 to peer 0xaaaaf7fe1910 (13 bytes)
1768235880.102545 sending message 112 to peer 0xaaaaf7fe1910 (13 bytes)
1768235880.102567 sending message 112 to peer 0xaaaaf7fe1910 (13 bytes)
1768235880.102610 sending message 112 to peer 0xaaaaf7fe1910 (13 bytes)
1768235880.102634 sending message 112 to peer 0xaaaaf7fe1910 (12 bytes)
1768235880.102657 sending message 112 to peer 0xaaaaf7fe1910 (12 bytes)
1768235880.102708 sending message 112 to peer 0xaaaaf7fe1910 (12 bytes)
1768235880.102734 sending message 112 to peer 0xaaaaf7fe1910 (8 bytes)
1768235880.102756 sending message 112 to peer 0xaaaaf7fe1910 (12 bytes)
1768235880.102780 sending message 112 to peer 0xaaaaf7fe1910 (13 bytes)
1768235880.102803 sending message 112 to peer 0xaaaaf7fe1910 (13 bytes)
1768235880.102829 sending message 112 to peer 0xaaaaf7fe1910 (13 bytes)
1768235880.102885 sending message 112 to peer 0xaaaaf7fe1910 (13 bytes)
1768235880.102912 sending message 112 to peer 0xaaaaf7fe1910 (13 bytes)
1768235880.102935 sending message 112 to peer 0xaaaaf7fe1910 (13 bytes)
1768235880.102958 sending message 112 to peer 0xaaaaf7fe1910 (13 bytes)
1768235880.102982 sending message 112 to peer 0xaaaaf7fe1910 (13 bytes)
1768235880.103006 sending message 112 to peer 0xaaaaf7fe1910 (12 bytes)
1768235880.103029 sending message 112 to peer 0xaaaaf7fe1910 (10 bytes)
1768235880.103052 sending message 112 to peer 0xaaaaf7fe1910 (12 bytes)
1768235880.103076 sending message 112 to peer 0xaaaaf7fe1910 (12 bytes)
1768235880.103099 sending message 112 to peer 0xaaaaf7fe1910 (12 bytes)
1768235880.103123 sending message 112 to peer 0xaaaaf7fe1910 (13 bytes)
1768235880.103146 sending message 112 to peer 0xaaaaf7fe1910 (13 bytes)
1768235880.103169 sending message 112 to peer 0xaaaaf7fe1910 (13 bytes)
1768235880.103193 sending message 112 to peer 0xaaaaf7fe1910 (13 bytes)
1768235880.103215 sending message 112 to peer 0xaaaaf7fe1910 (13 bytes)
1768235880.103241 sending message 112 to peer 0xaaaaf7fe1910 (13 bytes)
1768235880.103264 sending message 112 to peer 0xaaaaf7fe1910 (13 bytes)
1768235880.103287 sending message 112 to peer 0xaaaaf7fe1910 (10 bytes)
1768235880.103397 sending message 112 to peer 0xaaaaf7fe1910 (13 bytes)
1768235880.103408 sending message 112 to peer 0xaaaaf7fe1910 (12 bytes)
1768235880.103414 sending message 112 to peer 0xaaaaf7fe1910 (12 bytes)
1768235880.103421 sending message 112 to peer 0xaaaaf7fe1910 (12 bytes)
1768235880.103435 sending message 112 to peer 0xaaaaf7fe1910 (10 bytes)
1768235880.103443 sending message 112 to peer 0xaaaaf7fe1910 (10 bytes)
1768235880.103451 sending message 112 to peer 0xaaaaf7fe1910 (10 bytes)
1768235880.103487 sending message 112 to peer 0xaaaaf7fe1910 (12 bytes)
1768235880.103495 sending message 112 to peer 0xaaaaf7fe1910 (13 bytes)
1768235880.103502 sending message 112 to peer 0xaaaaf7fe1910 (13 bytes)
1768235880.103508 sending message 112 to peer 0xaaaaf7fe1910 (13 bytes)
1768235880.103531 sending message 112 to peer 0xaaaaf7fe1910 (13 bytes)
1768235880.103539 sending message 112 to peer 0xaaaaf7fe1910 (13 bytes)
1768235880.103545 sending message 112 to peer 0xaaaaf7fe1910 (10 bytes)
1768235880.103551 sending message 112 to peer 0xaaaaf7fe1910 (11 bytes)
1768235880.103557 sending message 112 to peer 0xaaaaf7fe1910 (12 bytes)
1768235880.103564 sending message 112 to peer 0xaaaaf7fe1910 (12 bytes)
1768235880.103570 sending message 112 to peer 0xaaaaf7fe1910 (12 bytes)
1768235880.103576 sending message 112 to peer 0xaaaaf7fe1910 (12 bytes)
1768235880.103582 sending message 112 to peer 0xaaaaf7fe1910 (12 bytes)
1768235880.103588 sending message 112 to peer 0xaaaaf7fe1910 (11 bytes)
1768235880.103596 sending message 112 to peer 0xaaaaf7fe1910 (12 bytes)
1768235880.103602 sending message 112 to peer 0xaaaaf7fe1910 (12 bytes)
1768235880.103608 sending message 112 to peer 0xaaaaf7fe1910 (13 bytes)
1768235880.103614 sending message 112 to peer 0xaaaaf7fe1910 (13 bytes)
1768235880.103621 sending message 112 to peer 0xaaaaf7fe1910 (13 bytes)
1768235880.103628 sending message 112 to peer 0xaaaaf7fe1910 (13 bytes)
1768235880.103633 sending message 112 to peer 0xaaaaf7fe1910 (13 bytes)
1768235880.103656 sending message 112 to peer 0xaaaaf7fe1910 (10 bytes)
1768235880.103664 sending message 112 to peer 0xaaaaf7fe1910 (9 bytes)
1768235880.103672 sending message 112 to peer 0xaaaaf7fe1910 (12 bytes)
1768235880.103679 sending message 112 to peer 0xaaaaf7fe1910 (13 bytes)
1768235880.103685 sending message 112 to peer 0xaaaaf7fe1910 (13 bytes)
1768235880.103713 sending message 112 to peer 0xaaaaf7fe1910 (13 bytes)
1768235880.103756 sending message 112 to peer 0xaaaaf7fe1910 (13 bytes)
1768235880.103763 sending message 112 to peer 0xaaaaf7fe1910 (13 bytes)
1768235880.103771 sending message 112 to peer 0xaaaaf7fe1910 (9 bytes)
1768235880.103778 sending message 112 to peer 0xaaaaf7fe1910 (12 bytes)
1768235880.103783 sending message 112 to peer 0xaaaaf7fe1910 (13 bytes)
1768235880.103790 sending message 112 to peer 0xaaaaf7fe1910 (13 bytes)
1768235880.103796 sending message 112 to peer 0xaaaaf7fe1910 (13 bytes)
1768235880.103802 sending message 112 to peer 0xaaaaf7fe1910 (13 bytes)
1768235880.103808 sending message 112 to peer 0xaaaaf7fe1910 (13 bytes)
1768235880.103815 sending message 112 to peer 0xaaaaf7fe1910 (11 bytes)
1768235880.103820 sending message 112 to peer 0xaaaaf7fe1910 (12 bytes)
1768235880.103826 sending message 112 to peer 0xaaaaf7fe1910 (13 bytes)
1768235880.103833 sending message 112 to peer 0xaaaaf7fe1910 (13 bytes)
1768235880.103838 sending message 112 to peer 0xaaaaf7fe1910 (13 bytes)
1768235880.103844 sending message 112 to peer 0xaaaaf7fe1910 (13 bytes)
1768235880.103851 sending message 112 to peer 0xaaaaf7fe1910 (13 bytes)
1768235880.103857 sending message 112 to peer 0xaaaaf7fe1910 (11 bytes)
1768235880.103863 sending message 112 to peer 0xaaaaf7fe1910 (12 bytes)
1768235880.103869 sending message 112 to peer 0xaaaaf7fe1910 (12 bytes)
1768235880.103875 sending message 112 to peer 0xaaaaf7fe1910 (12 bytes)
1768235880.103881 sending message 112 to peer 0xaaaaf7fe1910 (12 bytes)
1768235880.103887 sending message 112 to peer 0xaaaaf7fe1910 (12 bytes)
1768235880.103892 sending message 112 to peer 0xaaaaf7fe1910 (21 bytes)
1768235880.103900 sending message 112 to peer 0xaaaaf7fe1910 (12 bytes)
1768235880.103906 sending message 112 to peer 0xaaaaf7fe1910 (9 bytes)
1768235880.103912 sending message 112 to peer 0xaaaaf7fe1910 (6 bytes)
1768235880.103919 sending message 112 to peer 0xaaaaf7fe1910 (13 bytes)
1768235880.103925 sending message 112 to peer 0xaaaaf7fe1910 (10 bytes)
1768235880.103931 sending message 112 to peer 0xaaaaf7fe1910 (24 bytes)
1768235880.103937 sending message 112 to peer 0xaaaaf7fe1910 (13 bytes)
1768235880.103943 sending message 112 to peer 0xaaaaf7fe1910 (9 bytes)
1768235880.103949 sending message 112 to peer 0xaaaaf7fe1910 (70 bytes)
1768235880.103957 sending message 112 to peer 0xaaaaf7fe1910 (69 bytes)
1768235880.103963 sending message 112 to peer 0xaaaaf7fe1910 (12 bytes)
1768235880.103969 sending message 112 to peer 0xaaaaf7fe1910 (10 bytes)
1768235880.103975 sending message 112 to peer 0xaaaaf7fe1910 (10 bytes)
1768235880.103981 sending message 112 to peer 0xaaaaf7fe1910 (24 bytes)
1768235880.103986 sending message 112 to peer 0xaaaaf7fe1910 (13 bytes)
1768235880.103992 sending message 112 to peer 0xaaaaf7fe1910 (10 bytes)
1768235880.103998 sending message 112 to peer 0xaaaaf7fe1910 (10 bytes)
1768235880.104004 sending message 112 to peer 0xaaaaf7fe1910 (10 bytes)
1768235880.104011 sending message 112 to peer 0xaaaaf7fe1910 (13 bytes)
1768235880.104016 sending message 112 to peer 0xaaaaf7fe1910 (15 bytes)
1768235880.104023 sending message 112 to peer 0xaaaaf7fe1910 (5 bytes)
1768235880.104031 sending message 104 to peer 0xaaaaf7fe1910 (0 bytes)
1768235880.104037 sending message 110 to peer 0xaaaaf7fe1910 (0 bytes)
1768235880.104043 sending message 107 to peer 0xaaaaf7fe1910 (4 bytes)
1768235880.104050 sending message 105 to peer 0xaaaaf7fe1910 (15 bytes)
1768235880.104056 sending message 105 to peer 0xaaaaf7fe1910 (18 bytes)
1768235880.104062 sending message 105 to peer 0xaaaaf7fe1910 (21 bytes)
1768235880.104069 sending message 105 to peer 0xaaaaf7fe1910 (216 bytes)
1768235880.104076 sending message 105 to peer 0xaaaaf7fe1910 (37 bytes)
1768235880.104083 sending message 105 to peer 0xaaaaf7fe1910 (20 bytes)
1768235880.104088 sending message 105 to peer 0xaaaaf7fe1910 (64 bytes)
1768235880.104095 sending message 105 to peer 0xaaaaf7fe1910 (14 bytes)
1768235880.104102 sending message 105 to peer 0xaaaaf7fe1910 (732 bytes)
1768235880.104116 sending message 105 to peer 0xaaaaf7fe1910 (443 bytes)
1768235880.104123 sending message 105 to peer 0xaaaaf7fe1910 (17 bytes)
1768235880.104130 sending message 105 to peer 0xaaaaf7fe1910 (230 bytes)
1768235880.104137 sending message 105 to peer 0xaaaaf7fe1910 (53 bytes)
1768235880.104143 sending message 105 to peer 0xaaaaf7fe1910 (60 bytes)
1768235880.104150 sending message 105 to peer 0xaaaaf7fe1910 (76 bytes)
1768235880.104156 sending message 105 to peer 0xaaaaf7fe1910 (15 bytes)
1768235880.104162 sending message 105 to peer 0xaaaaf7fe1910 (316 bytes)
1768235880.104169 sending message 105 to peer 0xaaaaf7fe1910 (273 bytes)
1768235880.104176 sending message 105 to peer 0xaaaaf7fe1910 (20 bytes)
1768235880.104183 sending message 105 to peer 0xaaaaf7fe1910 (565 bytes)
1768235880.104189 sending message 105 to peer 0xaaaaf7fe1910 (242 bytes)
1768235880.104195 sending message 105 to peer 0xaaaaf7fe1910 (219 bytes)
1768235880.104202 sending message 105 to peer 0xaaaaf7fe1910 (17 bytes)
1768235880.104208 sending message 105 to peer 0xaaaaf7fe1910 (21 bytes)
1768235880.104214 sending message 105 to peer 0xaaaaf7fe1910 (23 bytes)
1768235880.104220 sending message 105 to peer 0xaaaaf7fe1910 (31 bytes)
1768235880.104227 sending message 105 to peer 0xaaaaf7fe1910 (54 bytes)
1768235880.104234 sending message 105 to peer 0xaaaaf7fe1910 (35 bytes)
1768235880.104240 sending message 105 to peer 0xaaaaf7fe1910 (53 bytes)
1768235880.104246 sending message 105 to peer 0xaaaaf7fe1910 (19 bytes)
1768235880.104253 sending message 105 to peer 0xaaaaf7fe1910 (8 bytes)
1768235880.104259 sending message 105 to peer 0xaaaaf7fe1910 (26 bytes)
1768235880.104265 sending message 105 to peer 0xaaaaf7fe1910 (23 bytes)
1768235880.104271 sending message 105 to peer 0xaaaaf7fe1910 (31 bytes)
1768235880.104277 sending message 105 to peer 0xaaaaf7fe1910 (26 bytes)
1768235880.104283 sending message 105 to peer 0xaaaaf7fe1910 (12 bytes)
1768235880.104289 sending message 105 to peer 0xaaaaf7fe1910 (72 bytes)
1768235880.104295 sending message 105 to peer 0xaaaaf7fe1910 (39 bytes)
1768235880.104301 sending message 105 to peer 0xaaaaf7fe1910 (43 bytes)
1768235880.104307 sending message 105 to peer 0xaaaaf7fe1910 (11 bytes)
1768235880.104314 sending message 105 to peer 0xaaaaf7fe1910 (13 bytes)
1768235880.104319 sending message 105 to peer 0xaaaaf7fe1910 (62 bytes)
1768235880.104326 sending message 105 to peer 0xaaaaf7fe1910 (182 bytes)
1768235880.104333 sending message 105 to peer 0xaaaaf7fe1910 (1917 bytes)
1768235880.104359 sending message 105 to peer 0xaaaaf7fe1910 (34 bytes)
1768235880.104365 sending message 106 to peer 0xaaaaf7fe1910 (0 bytes)
1768235880.104449 sending message 200 to peer 0xaaaaf7fe1910 (4 bytes)
1768235880.104458 client loop enter
1768235880.104487 client_signal: Child exited
1768235880.247706 peer 0xaaaaf7fe1910 message 207
1768235880.247785 sending message 208 to peer 0xaaaaf7fe1910 (0 bytes)
1768235884.710730 peer 0xaaaaf7fe1910 message 201
1768235884.710801 sending message 205 to peer 0xaaaaf7fe1910 (0 bytes)
1768235884.715539 peer 0xaaaaf7fe1910 message 204
1768235884.715608 client loop exit
