1768235887.931134 client started (17662): version 3.6a, socket /tmp/tmux-1000/default, protocol 8
1768235887.931231 on Linux 6.1.75 #1-NixOS SMP Tue Jan  1 00:00:00 UTC 1980
1768235887.931267 using libevent 2.1.12-stable poll
1768235887.931287 using utf8proc 2.11.2
1768235887.931305 using ncurses 6.5 20240427
1768235887.931369 flags are 0x18010000
1768235887.931424 socket is /tmp/tmux-1000/default
1768235887.931485 trying connect
1768235887.931583 add peer 0xaaaadfbca620: 6 ((nil))
1768235887.932693 sending message 111 to peer 0xaaaadfbca620 (8 bytes)
1768235887.932732 sending message 111 to peer 0xaaaadfbca620 (8 bytes)
1768235887.932755 sending message 101 to peer 0xaaaadfbca620 (15 bytes)
1768235887.932777 sending message 109 to peer 0xaaaadfbca620 (4 bytes)
1768235887.932799 sending message 102 to peer 0xaaaadfbca620 (11 bytes)
1768235887.932820 sending message 108 to peer 0xaaaadfbca620 (22 bytes)
1768235887.932842 sending message 112 to peer 0xaaaadfbca620 (58 bytes)
1768235887.932863 sending message 112 to peer 0xaaaadfbca620 (5 bytes)
1768235887.932885 sending message 112 to peer 0xaaaadfbca620 (5 bytes)
1768235887.932906 sending message 112 to peer 0xaaaadfbca620 (6 bytes)
1768235887.932928 sending message 112 to peer 0xaaaadfbca620 (6 bytes)
1768235887.932950 sending message 112 to peer 0xaaaadfbca620 (11 bytes)
1768235887.932971 sending message 112 to peer 0xaaaadfbca620 (10 bytes)
1768235887.932992 sending message 112 to peer 0xaaaadfbca620 (13 bytes)
1768235887.933013 sending message 112 to peer 0xaaaadfbca620 (14 bytes)
1768235887.933034 sending message 112 to peer 0xaaaadfbca620 (19 bytes)
1768235887.933055 sending message 112 to peer 0xaaaadfbca620 (11 bytes)
1768235887.933076 sending message 112 to peer 0xaaaadfbca620 (10 bytes)
1768235887.933097 sending message 112 to peer 0xaaaadfbca620 (15 bytes)
1768235887.933118 sending message 112 to peer 0xaaaadfbca620 (21 bytes)
1768235887.933139 sending message 112 to peer 0xaaaadfbca620 (13 bytes)
1768235887.933160 sending message 112 to peer 0xaaaadfbca620 (7 bytes)
1768235887.933181 sending message 112 to peer 0xaaaadfbca620 (13 bytes)
1768235887.933203 sending message 112 to peer 0xaaaadfbca620 (7 bytes)
1768235887.933224 sending message 112 to peer 0xaaaadfbca620 (13 bytes)
1768235887.933246 sending message 112 to peer 0xaaaadfbca620 (9 bytes)
1768235887.933267 sending message 112 to peer 0xaaaadfbca620 (21 bytes)
1768235887.933289 sending message 112 to peer 0xaaaadfbca620 (13 bytes)
1768235887.933311 sending message 112 to peer 0xaaaadfbca620 (9 bytes)
1768235887.933332 sending message 112 to peer 0xaaaadfbca620 (16 bytes)
1768235887.933353 sending message 112 to peer 0xaaaadfbca620 (13 bytes)
1768235887.933374 sending message 112 to peer 0xaaaadfbca620 (9 bytes)
1768235887.933396 sending message 112 to peer 0xaaaadfbca620 (9 bytes)
1768235887.933418 sending message 112 to peer 0xaaaadfbca620 (12 bytes)
1768235887.933438 sending message 112 to peer 0xaaaadfbca620 (8 bytes)
1768235887.933460 sending message 112 to peer 0xaaaadfbca620 (8 bytes)
1768235887.933481 sending message 112 to peer 0xaaaadfbca620 (13 bytes)
1768235887.933502 sending message 112 to peer 0xaaaadfbca620 (7 bytes)
1768235887.933523 sending message 112 to peer 0xaaaadfbca620 (7 bytes)
1768235887.933544 sending message 112 to peer 0xaaaadfbca620 (9 bytes)
1768235887.933565 sending message 112 to peer 0xaaaadfbca620 (9 bytes)
1768235887.933586 sending message 112 to peer 0xaaaadfbca620 (15 bytes)
1768235887.933608 sending message 112 to peer 0xaaaadfbca620 (13 bytes)
1768235887.933629 sending message 112 to peer 0xaaaadfbca620 (12 bytes)
1768235887.933650 sending message 112 to peer 0xaaaadfbca620 (8 bytes)
1768235887.933671 sending message 112 to peer 0xaaaadfbca620 (14 bytes)
1768235887.933692 sending message 112 to peer 0xaaaadfbca620 (11 bytes)
1768235887.933714 sending message 112 to peer 0xaaaadfbca620 (9 bytes)
1768235887.933735 sending message 112 to peer 0xaaaadfbca620 (10 bytes)
1768235887.933756 sending message 112 to peer 0xaaaadfbca620 (10 bytes)
1768235887.933777 sending message 112 to peer 0xaaaadfbca620 (10 bytes)
1768235887.933837 sending message 112 to peer 0xaaaadfbca620 (10 bytes)
1768235887.933862 sending message 112 to peer 0xaaaadfbca620 (11 bytes)
1768235887.933885 sending message 112 to peer 0xaaaadfbca620 (12 bytes)
1768235887.933907 sending message 112 to peer 0xaaaadfbca620 (12 bytes)
1768235887.933930 sending message 112 to peer 0xaaaadfbca620 (12 bytes)
1768235887.933952 sending message 112 to peer 0xaaaadfbca620 (12 bytes)
1768235887.933974 sending message 112 to peer 0xaaaadfbca620 (12 bytes)
1768235887.933996 sending message 112 to peer 0xaaaadfbca620 (11 bytes)
1768235887.934019 sending message 112 to peer 0xaaaadfbca620 (11 bytes)
1768235887.934040 sending message 112 to peer 0xaaaadfbca620 (12 bytes)
1768235887.934062 sending message 112 to peer 0xaaaadfbca620 (12 bytes)
1768235887.934083 sending message 112 to peer 0xaaaadfbca620 (12 bytes)
1768235887.934105 sending message 112 to peer 0xaaaadfbca620 (12 bytes)
1768235887.934126 sending message 112 to peer 0xaaaadfbca620 (12 bytes)
1768235887.934148 sending message 112 to peer 0xaaaadfbca620 (9 bytes)
1768235887.934169 sending message 112 to peer 0xaaaadfbca620 (12 bytes)
1768235887.934191 sending message 112 to peer 0xaaaadfbca620 (13 bytes)
1768235887.934212 sending message 112 to peer 0xaaaadfbca620 (13 bytes)
1768235887.934234 sending message 112 to peer 0xaaaadfbca620 (13 bytes)
1768235887.934255 sending message 112 to peer 0xaaaadfbca620 (13 bytes)
1768235887.934277 sending message 112 to peer 0xaaaadfbca620 (13 bytes)
1768235887.934299 sending message 112 to peer 0xaaaadfbca620 (8 bytes)
1768235887.934322 sending message 112 to peer 0xaaaadfbca620 (11 bytes)
1768235887.934343 sending message 112 to peer 0xaaaadfbca620 (11 bytes)
1768235887.934365 sending message 112 to peer 0xaaaadfbca620 (11 bytes)
1768235887.934386 sending message 112 to peer 0xaaaadfbca620 (12 bytes)
1768235887.934408 sending message 112 to peer 0xaaaadfbca620 (12 bytes)
1768235887.934429 sending message 112 to peer 0xaaaadfbca620 (12 bytes)
1768235887.934451 sending message 112 to peer 0xaaaadfbca620 (12 bytes)
1768235887.934473 sending message 112 to peer 0xaaaadfbca620 (13 bytes)
1768235887.934494 sending message 112 to peer 0xaaaadfbca620 (13 bytes)
1768235887.934516 sending message 112 to peer 0xaaaadfbca620 (13 bytes)
1768235887.934537 sending message 112 to peer 0xaaaadfbca620 (8 bytes)
1768235887.934559 sending message 112 to peer 0xaaaadfbca620 (13 bytes)
1768235887.934581 sending message 112 to peer 0xaaaadfbca620 (13 bytes)
1768235887.934602 sending message 112 to peer 0xaaaadfbca620 (13 bytes)
1768235887.934624 sending message 112 to peer 0xaaaadfbca620 (13 bytes)
1768235887.934646 sending message 112 to peer 0xaaaadfbca620 (13 bytes)
1768235887.934667 sending message 112 to peer 0xaaaadfbca620 (12 bytes)
1768235887.934689 sending message 112 to peer 0xaaaadfbca620 (12 bytes)
1768235887.934711 sending message 112 to peer 0xaaaadfbca620 (12 bytes)
1768235887.934732 sending message 112 to peer 0xaaaadfbca620 (12 bytes)
1768235887.934754 sending message 112 to peer 0xaaaadfbca620 (13 bytes)
1768235887.934776 sending message 112 to peer 0xaaaadfbca620 (8 bytes)
1768235887.934798 sending message 112 to peer 0xaaaadfbca620 (13 bytes)
1768235887.934819 sending message 112 to peer 0xaaaadfbca620 (13 bytes)
1768235887.934841 sending message 112 to peer 0xaaaadfbca620 (13 bytes)
1768235887.934862 sending message 112 to peer 0xaaaadfbca620 (13 bytes)
1768235887.934884 sending message 112 to peer 0xaaaadfbca620 (13 bytes)
1768235887.934906 sending message 112 to peer 0xaaaadfbca620 (13 bytes)
1768235887.934927 sending message 112 to peer 0xaaaadfbca620 (13 bytes)
1768235887.934949 sending message 112 to peer 0xaaaadfbca620 (12 bytes)
1768235887.934972 sending message 112 to peer 0xaaaadfbca620 (12 bytes)
1768235887.934993 sending message 112 to peer 0xaaaadfbca620 (12 bytes)
1768235887.935015 sending message 112 to peer 0xaaaadfbca620 (8 bytes)
1768235887.935036 sending message 112 to peer 0xaaaadfbca620 (12 bytes)
1768235887.935058 sending message 112 to peer 0xaaaadfbca620 (13 bytes)
1768235887.935106 sending message 112 to peer 0xaaaadfbca620 (13 bytes)
1768235887.935130 sending message 112 to peer 0xaaaadfbca620 (13 bytes)
1768235887.935152 sending message 112 to peer 0xaaaadfbca620 (13 bytes)
1768235887.935174 sending message 112 to peer 0xaaaadfbca620 (13 bytes)
1768235887.935195 sending message 112 to peer 0xaaaadfbca620 (13 bytes)
1768235887.935217 sending message 112 to peer 0xaaaadfbca620 (13 bytes)
1768235887.935239 sending message 112 to peer 0xaaaadfbca620 (13 bytes)
1768235887.935260 sending message 112 to peer 0xaaaadfbca620 (12 bytes)
1768235887.935282 sending message 112 to peer 0xaaaadfbca620 (10 bytes)
1768235887.935304 sending message 112 to peer 0xaaaadfbca620 (12 bytes)
1768235887.935325 sending message 112 to peer 0xaaaadfbca620 (12 bytes)
1768235887.935346 sending message 112 to peer 0xaaaadfbca620 (12 bytes)
1768235887.935369 sending message 112 to peer 0xaaaadfbca620 (13 bytes)
1768235887.935391 sending message 112 to peer 0xaaaadfbca620 (13 bytes)
1768235887.935412 sending message 112 to peer 0xaaaadfbca620 (13 bytes)
1768235887.935434 sending message 112 to peer 0xaaaadfbca620 (13 bytes)
1768235887.935455 sending message 112 to peer 0xaaaadfbca620 (13 bytes)
1768235887.935477 sending message 112 to peer 0xaaaadfbca620 (13 bytes)
1768235887.935498 sending message 112 to peer 0xaaaadfbca620 (13 bytes)
1768235887.935520 sending message 112 to peer 0xaaaadfbca620 (10 bytes)
1768235887.935541 sending message 112 to peer 0xaaaadfbca620 (13 bytes)
1768235887.935563 sending message 112 to peer 0xaaaadfbca620 (12 bytes)
1768235887.935584 sending message 112 to peer 0xaaaadfbca620 (12 bytes)
1768235887.935606 sending message 112 to peer 0xaaaadfbca620 (12 bytes)
1768235887.935627 sending message 112 to peer 0xaaaadfbca620 (10 bytes)
1768235887.935649 sending message 112 to peer 0xaaaadfbca620 (10 bytes)
1768235887.935670 sending message 112 to peer 0xaaaadfbca620 (10 bytes)
1768235887.935693 sending message 112 to peer 0xaaaadfbca620 (12 bytes)
1768235887.935714 sending message 112 to peer 0xaaaadfbca620 (13 bytes)
1768235887.935736 sending message 112 to peer 0xaaaadfbca620 (13 bytes)
1768235887.935757 sending message 112 to peer 0xaaaadfbca620 (13 bytes)
1768235887.935779 sending message 112 to peer 0xaaaadfbca620 (13 bytes)
1768235887.935801 sending message 112 to peer 0xaaaadfbca620 (13 bytes)
1768235887.935822 sending message 112 to peer 0xaaaadfbca620 (10 bytes)
1768235887.935844 sending message 112 to peer 0xaaaadfbca620 (11 bytes)
1768235887.935866 sending message 112 to peer 0xaaaadfbca620 (12 bytes)
1768235887.935887 sending message 112 to peer 0xaaaadfbca620 (12 bytes)
1768235887.935909 sending message 112 to peer 0xaaaadfbca620 (12 bytes)
1768235887.935950 sending message 112 to peer 0xaaaadfbca620 (12 bytes)
1768235887.935973 sending message 112 to peer 0xaaaadfbca620 (12 bytes)
1768235887.935995 sending message 112 to peer 0xaaaadfbca620 (11 bytes)
1768235887.936017 sending message 112 to peer 0xaaaadfbca620 (12 bytes)
1768235887.936038 sending message 112 to peer 0xaaaadfbca620 (12 bytes)
1768235887.936061 sending message 112 to peer 0xaaaadfbca620 (13 bytes)
1768235887.936082 sending message 112 to peer 0xaaaadfbca620 (13 bytes)
1768235887.936104 sending message 112 to peer 0xaaaadfbca620 (13 bytes)
1768235887.936125 sending message 112 to peer 0xaaaadfbca620 (13 bytes)
1768235887.936147 sending message 112 to peer 0xaaaadfbca620 (13 bytes)
1768235887.936169 sending message 112 to peer 0xaaaadfbca620 (10 bytes)
1768235887.936190 sending message 112 to peer 0xaaaadfbca620 (9 bytes)
1768235887.936212 sending message 112 to peer 0xaaaadfbca620 (12 bytes)
1768235887.936234 sending message 112 to peer 0xaaaadfbca620 (13 bytes)
1768235887.936255 sending message 112 to peer 0xaaaadfbca620 (13 bytes)
1768235887.936277 sending message 112 to peer 0xaaaadfbca620 (13 bytes)
1768235887.936299 sending message 112 to peer 0xaaaadfbca620 (13 bytes)
1768235887.936320 sending message 112 to peer 0xaaaadfbca620 (13 bytes)
1768235887.936342 sending message 112 to peer 0xaaaadfbca620 (9 bytes)
1768235887.936389 sending message 112 to peer 0xaaaadfbca620 (12 bytes)
1768235887.936414 sending message 112 to peer 0xaaaadfbca620 (13 bytes)
1768235887.936437 sending message 112 to peer 0xaaaadfbca620 (13 bytes)
1768235887.936459 sending message 112 to peer 0xaaaadfbca620 (13 bytes)
1768235887.936481 sending message 112 to peer 0xaaaadfbca620 (13 bytes)
1768235887.936502 sending message 112 to peer 0xaaaadfbca620 (13 bytes)
1768235887.936524 sending message 112 to peer 0xaaaadfbca620 (11 bytes)
1768235887.936545 sending message 112 to peer 0xaaaadfbca620 (12 bytes)
1768235887.936567 sending message 112 to peer 0xaaaadfbca620 (13 bytes)
1768235887.936588 sending message 112 to peer 0xaaaadfbca620 (13 bytes)
1768235887.936610 sending message 112 to peer 0xaaaadfbca620 (13 bytes)
1768235887.936632 sending message 112 to peer 0xaaaadfbca620 (13 bytes)
1768235887.936654 sending message 112 to peer 0xaaaadfbca620 (13 bytes)
1768235887.936676 sending message 112 to peer 0xaaaadfbca620 (11 bytes)
1768235887.936697 sending message 112 to peer 0xaaaadfbca620 (12 bytes)
1768235887.936720 sending message 112 to peer 0xaaaadfbca620 (12 bytes)
1768235887.936741 sending message 112 to peer 0xaaaadfbca620 (12 bytes)
1768235887.936762 sending message 112 to peer 0xaaaadfbca620 (12 bytes)
1768235887.936784 sending message 112 to peer 0xaaaadfbca620 (12 bytes)
1768235887.936806 sending message 112 to peer 0xaaaadfbca620 (21 bytes)
1768235887.936828 sending message 112 to peer 0xaaaadfbca620 (12 bytes)
1768235887.936849 sending message 112 to peer 0xaaaadfbca620 (9 bytes)
1768235887.936871 sending message 112 to peer 0xaaaadfbca620 (6 bytes)
1768235887.936893 sending message 112 to peer 0xaaaadfbca620 (13 bytes)
1768235887.936914 sending message 112 to peer 0xaaaadfbca620 (10 bytes)
1768235887.936936 sending message 112 to peer 0xaaaadfbca620 (24 bytes)
1768235887.936958 sending message 112 to peer 0xaaaadfbca620 (13 bytes)
1768235887.936980 sending message 112 to peer 0xaaaadfbca620 (9 bytes)
1768235887.937002 sending message 112 to peer 0xaaaadfbca620 (70 bytes)
1768235887.937024 sending message 112 to peer 0xaaaadfbca620 (69 bytes)
1768235887.937045 sending message 112 to peer 0xaaaadfbca620 (12 bytes)
1768235887.937067 sending message 112 to peer 0xaaaadfbca620 (10 bytes)
1768235887.937089 sending message 112 to peer 0xaaaadfbca620 (10 bytes)
1768235887.937111 sending message 112 to peer 0xaaaadfbca620 (24 bytes)
1768235887.937133 sending message 112 to peer 0xaaaadfbca620 (13 bytes)
1768235887.937154 sending message 112 to peer 0xaaaadfbca620 (10 bytes)
1768235887.937176 sending message 112 to peer 0xaaaadfbca620 (10 bytes)
1768235887.937198 sending message 112 to peer 0xaaaadfbca620 (10 bytes)
1768235887.937220 sending message 112 to peer 0xaaaadfbca620 (13 bytes)
1768235887.937242 sending message 112 to peer 0xaaaadfbca620 (15 bytes)
1768235887.937263 sending message 112 to peer 0xaaaadfbca620 (5 bytes)
1768235887.937287 sending message 104 to peer 0xaaaadfbca620 (0 bytes)
1768235887.937310 sending message 110 to peer 0xaaaadfbca620 (0 bytes)
1768235887.937332 sending message 107 to peer 0xaaaadfbca620 (4 bytes)
1768235887.937354 sending message 105 to peer 0xaaaadfbca620 (15 bytes)
1768235887.937376 sending message 105 to peer 0xaaaadfbca620 (18 bytes)
1768235887.937398 sending message 105 to peer 0xaaaadfbca620 (21 bytes)
1768235887.937419 sending message 105 to peer 0xaaaadfbca620 (216 bytes)
1768235887.937441 sending message 105 to peer 0xaaaadfbca620 (37 bytes)
1768235887.937463 sending message 105 to peer 0xaaaadfbca620 (20 bytes)
1768235887.937485 sending message 105 to peer 0xaaaadfbca620 (64 bytes)
1768235887.937506 sending message 105 to peer 0xaaaadfbca620 (14 bytes)
1768235887.937528 sending message 105 to peer 0xaaaadfbca620 (732 bytes)
1768235887.937551 sending message 105 to peer 0xaaaadfbca620 (443 bytes)
1768235887.937573 sending message 105 to peer 0xaaaadfbca620 (17 bytes)
1768235887.937595 sending message 105 to peer 0xaaaadfbca620 (230 bytes)
1768235887.937617 sending message 105 to peer 0xaaaadfbca620 (53 bytes)
1768235887.937663 sending message 105 to peer 0xaaaadfbca620 (60 bytes)
1768235887.937687 sending message 105 to peer 0xaaaadfbca620 (76 bytes)
1768235887.937709 sending message 105 to peer 0xaaaadfbca620 (15 bytes)
1768235887.937731 sending message 105 to peer 0xaaaadfbca620 (316 bytes)
1768235887.937754 sending message 105 to peer 0xaaaadfbca620 (273 bytes)
1768235887.937776 sending message 105 to peer 0xaaaadfbca620 (20 bytes)
1768235887.937798 sending message 105 to peer 0xaaaadfbca620 (565 bytes)
1768235887.937821 sending message 105 to peer 0xaaaadfbca620 (242 bytes)
1768235887.937842 sending message 105 to peer 0xaaaadfbca620 (219 bytes)
1768235887.937864 sending message 105 to peer 0xaaaadfbca620 (17 bytes)
1768235887.937886 sending message 105 to peer 0xaaaadfbca620 (21 bytes)
1768235887.937908 sending message 105 to peer 0xaaaadfbca620 (23 bytes)
1768235887.937930 sending message 105 to peer 0xaaaadfbca620 (31 bytes)
1768235887.937951 sending message 105 to peer 0xaaaadfbca620 (54 bytes)
1768235887.937973 sending message 105 to peer 0xaaaadfbca620 (35 bytes)
1768235887.937994 sending message 105 to peer 0xaaaadfbca620 (53 bytes)
1768235887.938016 sending message 105 to peer 0xaaaadfbca620 (19 bytes)
1768235887.938038 sending message 105 to peer 0xaaaadfbca620 (8 bytes)
1768235887.938059 sending message 105 to peer 0xaaaadfbca620 (26 bytes)
1768235887.938081 sending message 105 to peer 0xaaaadfbca620 (23 bytes)
1768235887.938103 sending message 105 to peer 0xaaaadfbca620 (31 bytes)
1768235887.938125 sending message 105 to peer 0xaaaadfbca620 (26 bytes)
1768235887.938146 sending message 105 to peer 0xaaaadfbca620 (12 bytes)
1768235887.938168 sending message 105 to peer 0xaaaadfbca620 (72 bytes)
1768235887.938190 sending message 105 to peer 0xaaaadfbca620 (39 bytes)
1768235887.938211 sending message 105 to peer 0xaaaadfbca620 (43 bytes)
1768235887.938233 sending message 105 to peer 0xaaaadfbca620 (11 bytes)
1768235887.938254 sending message 105 to peer 0xaaaadfbca620 (13 bytes)
1768235887.938276 sending message 105 to peer 0xaaaadfbca620 (62 bytes)
1768235887.938298 sending message 105 to peer 0xaaaadfbca620 (182 bytes)
1768235887.938321 sending message 105 to peer 0xaaaadfbca620 (1917 bytes)
1768235887.938391 sending message 105 to peer 0xaaaadfbca620 (34 bytes)
1768235887.938416 sending message 106 to peer 0xaaaadfbca620 (0 bytes)
1768235887.938625 sending message 200 to peer 0xaaaadfbca620 (4 bytes)
1768235887.938652 client loop enter
1768235887.966417 peer 0xaaaadfbca620 message 207
1768235887.966498 sending message 208 to peer 0xaaaadfbca620 (0 bytes)
1768235902.832334 peer 0xaaaadfbca620 message 201
1768235902.832422 sending message 205 to peer 0xaaaadfbca620 (0 bytes)
1768235902.837046 peer 0xaaaadfbca620 message 204
1768235902.837128 client loop exit
